TN:
SF:src/GifExpertApp.jsx
FN:7,(anonymous_0)
FN:11,(anonymous_1)
FN:23,(anonymous_2)
FNF:3
FNH:3
FNDA:4,(anonymous_0)
FNDA:1,(anonymous_1)
FNDA:1,(anonymous_2)
DA:7,1
DA:9,4
DA:11,4
DA:12,1
DA:13,0
DA:14,1
DA:17,4
DA:24,1
LF:8
LH:7
BRDA:12,0,0,0
BRDA:12,0,1,1
BRF:2
BRH:1
end_of_record
TN:
SF:src/api/gif.js
FN:4,(anonymous_0)
FNF:1
FNH:1
FNDA:1,(anonymous_0)
DA:4,1
DA:5,1
DA:6,0
DA:7,0
LF:4
LH:2
BRF:0
BRH:0
end_of_record
TN:
SF:src/components/CategoryInput.jsx
FN:5,CategoryInput
FN:9,(anonymous_1)
FN:22,(anonymous_2)
FNF:3
FNH:3
FNDA:5,CategoryInput
FNDA:2,(anonymous_1)
FNDA:1,(anonymous_2)
DA:7,5
DA:9,5
DA:10,2
DA:11,1
DA:12,1
DA:16,5
DA:22,1
DA:27,1
LF:8
LH:8
BRDA:10,0,0,1
BRDA:10,0,1,1
BRDA:10,1,0,2
BRDA:10,1,1,2
BRF:4
BRH:4
end_of_record
TN:
SF:src/components/Gif.jsx
FN:4,Gif
FNF:1
FNH:0
FNDA:0,Gif
DA:5,0
DA:16,1
LF:2
LH:1
BRF:0
BRH:0
end_of_record
TN:
SF:src/components/GridGif.jsx
FN:7,GridGif
FN:19,(anonymous_1)
FNF:2
FNH:1
FNDA:2,GridGif
FNDA:0,(anonymous_1)
DA:9,2
DA:11,2
DA:19,0
DA:28,1
LF:4
LH:3
BRDA:13,0,0,2
BRDA:13,0,1,1
BRDA:15,1,0,2
BRDA:15,1,1,1
BRF:4
BRH:4
end_of_record
TN:
SF:src/hooks/useFetchGifs.js
FN:7,(anonymous_0)
FN:12,(anonymous_1)
FN:13,fetchGif
FN:16,(anonymous_3)
FNF:4
FNH:3
FNDA:2,(anonymous_0)
FNDA:1,(anonymous_1)
FNDA:1,fetchGif
FNDA:0,(anonymous_3)
DA:7,1
DA:9,2
DA:10,2
DA:12,2
DA:14,1
DA:15,1
DA:16,0
DA:17,0
DA:20,1
DA:23,2
LF:10
LH:8
BRF:0
BRH:0
end_of_record
